========== fold: 0 training ==========
Epoch 1 - avg_train_loss: 0.2085  avg_val_loss: 0.1857  time: 2138s
Epoch 1 - Score: 0.8937  Scores: [0.8774 0.9184 0.9848 0.8975 0.8883 0.9572 0.9644 0.7987 0.7532 0.7925
 0.9979]
Epoch 1 - Save Best Score: 0.8937 Model
Epoch 1 - Save Best Loss: 0.1857 Model
Epoch 2 - avg_train_loss: 0.1636  avg_val_loss: 0.1694  time: 2139s
Epoch 2 - Score: 0.9118  Scores: [0.9189 0.925  0.9857 0.8886 0.8934 0.9696 0.975  0.8624 0.7779 0.8349
 0.9983]
Epoch 2 - Save Best Score: 0.9118 Model
Epoch 2 - Save Best Loss: 0.1694 Model
Epoch 3 - avg_train_loss: 0.1410  avg_val_loss: 0.1545  time: 2141s
Epoch 3 - Score: 0.9315  Scores: [0.9779 0.95   0.9882 0.9035 0.9306 0.9734 0.9783 0.8853 0.7975 0.8626
 0.9991]
Epoch 3 - Save Best Score: 0.9315 Model
Epoch 3 - Save Best Loss: 0.1545 Model
Epoch 4 - avg_train_loss: 0.1224  avg_val_loss: 0.1519  time: 2152s
Epoch 4 - Score: 0.9376  Scores: [0.982  0.9504 0.9886 0.9165 0.946  0.9778 0.9811 0.8772 0.8153 0.8803
 0.9985]
Epoch 4 - Save Best Score: 0.9376 Model
Epoch 4 - Save Best Loss: 0.1519 Model
Epoch 5 - avg_train_loss: 0.1015  avg_val_loss: 0.1577  time: 2140s
Epoch 5 - Score: 0.9385  Scores: [0.9851 0.9438 0.9875 0.9272 0.9465 0.9782 0.9815 0.8864 0.8082 0.8814
 0.9979]
Epoch 5 - Save Best Score: 0.9385 Model
Epoch 6 - avg_train_loss: 0.0816  avg_val_loss: 0.1647  time: 2139s
Epoch 6 - Score: 0.9394  Scores: [0.9871 0.947  0.9879 0.9341 0.9483 0.979  0.982  0.8782 0.8105 0.8809
 0.9987]
Epoch 6 - Save Best Score: 0.9394 Model
Epoch 7 - avg_train_loss: 0.0733  avg_val_loss: 0.1687  time: 2137s
Epoch 7 - Score: 0.9385  Scores: [0.9866 0.9418 0.9877 0.9301 0.9474 0.9783 0.9818 0.8827 0.8069 0.8812
 0.9988]
========== fold: 0 result ==========
Score: 0.9376  Scores: [0.982  0.9504 0.9886 0.9165 0.946  0.9778 0.9811 0.8772 0.8153 0.8803
 0.9985]
========== fold: 1 training ==========
Epoch 1 - avg_train_loss: 0.2108  avg_val_loss: 0.1916  time: 2140s
Epoch 1 - Score: 0.8901  Scores: [0.8391 0.9108 0.9811 0.8494 0.876  0.9569 0.9717 0.8246 0.7616 0.8256
 0.9937]
Epoch 1 - Save Best Score: 0.8901 Model
Epoch 1 - Save Best Loss: 0.1916 Model
Epoch 2 - avg_train_loss: 0.1621  avg_val_loss: 0.1718  time: 2141s
Epoch 2 - Score: 0.9024  Scores: [0.8684 0.93   0.9865 0.8397 0.8749 0.9626 0.9655 0.8524 0.8008 0.8498
 0.9961]
Epoch 2 - Save Best Score: 0.9024 Model
Epoch 2 - Save Best Loss: 0.1718 Model
Epoch 3 - avg_train_loss: 0.1423  avg_val_loss: 0.1562  time: 2159s
Epoch 3 - Score: 0.9216  Scores: [0.8922 0.945  0.9906 0.9208 0.9257 0.978  0.9826 0.8556 0.8078 0.8398
 0.9994]
Epoch 3 - Save Best Score: 0.9216 Model
Epoch 3 - Save Best Loss: 0.1562 Model
Epoch 4 - avg_train_loss: 0.1231  avg_val_loss: 0.1555  time: 2154s
Epoch 4 - Score: 0.9309  Scores: [0.9038 0.948  0.9914 0.9391 0.9415 0.9818 0.9857 0.8762 0.8104 0.8624
 0.9995]
Epoch 4 - Save Best Score: 0.9309 Model
Epoch 4 - Save Best Loss: 0.1555 Model
Epoch 5 - avg_train_loss: 0.1010  avg_val_loss: 0.1478  time: 2153s
Epoch 5 - Score: 0.9361  Scores: [0.9054 0.9589 0.9924 0.9375 0.9475 0.9829 0.986  0.8916 0.821  0.8742
 0.9996]
Epoch 5 - Save Best Score: 0.9361 Model
Epoch 5 - Save Best Loss: 0.1478 Model
Epoch 6 - avg_train_loss: 0.0810  avg_val_loss: 0.1600  time: 2177s
Epoch 6 - Score: 0.9321  Scores: [0.8783 0.9565 0.9924 0.9347 0.9383 0.982  0.9848 0.8955 0.8185 0.8729
 0.9994]
Epoch 7 - avg_train_loss: 0.0719  avg_val_loss: 0.1623  time: 2153s
Epoch 7 - Score: 0.9318  Scores: [0.8814 0.9553 0.9925 0.934  0.9398 0.9822 0.9852 0.8944 0.8144 0.8711
 0.9994]
========== fold: 1 result ==========
Score: 0.9361  Scores: [0.9054 0.9589 0.9924 0.9375 0.9475 0.9829 0.986  0.8916 0.821  0.8742
 0.9996]
========== fold: 2 training ==========
Epoch 1 - avg_train_loss: 0.2126  avg_val_loss: 0.1802  time: 2134s
Epoch 1 - Score: 0.8905  Scores: [0.9175 0.9134 0.9826 0.8527 0.8835 0.9691 0.9715 0.7822 0.7259 0.7998
 0.9973]
Epoch 1 - Save Best Score: 0.8905 Model
Epoch 1 - Save Best Loss: 0.1802 Model
Epoch 2 - avg_train_loss: 0.1639  avg_val_loss: 0.1604  time: 2131s
Epoch 2 - Score: 0.9231  Scores: [0.9624 0.9409 0.9875 0.8932 0.9102 0.9638 0.9767 0.8634 0.7983 0.864
 0.9935]
Epoch 2 - Save Best Score: 0.9231 Model
Epoch 2 - Save Best Loss: 0.1604 Model
Epoch 3 - avg_train_loss: 0.1425  avg_val_loss: 0.1545  time: 2151s
Epoch 3 - Score: 0.9297  Scores: [0.963  0.9474 0.9881 0.9047 0.9265 0.9787 0.9818 0.8702 0.7977 0.8707
 0.9985]
Epoch 3 - Save Best Score: 0.9297 Model
Epoch 3 - Save Best Loss: 0.1545 Model
Epoch 4 - avg_train_loss: 0.1233  avg_val_loss: 0.1504  time: 2159s
Epoch 4 - Score: 0.9372  Scores: [0.9783 0.9504 0.9896 0.9211 0.9367 0.9773 0.9824 0.8769 0.8158 0.8825
 0.9983]
Epoch 4 - Save Best Score: 0.9372 Model
Epoch 4 - Save Best Loss: 0.1504 Model
Epoch 5 - avg_train_loss: 0.1010  avg_val_loss: 0.1569  time: 2147s
Epoch 5 - Score: 0.9381  Scores: [0.984  0.9503 0.9894 0.9167 0.9326 0.9787 0.9831 0.8847 0.8202 0.8809
 0.9981]
Epoch 5 - Save Best Score: 0.9381 Model
Epoch 6 - avg_train_loss: 0.0809  avg_val_loss: 0.1630  time: 2133s
Epoch 6 - Score: 0.9381  Scores: [0.9768 0.9496 0.9894 0.9224 0.9408 0.9798 0.9842 0.8861 0.8162 0.8749
 0.9985]
Epoch 6 - Save Best Score: 0.9381 Model
Epoch 7 - avg_train_loss: 0.0720  avg_val_loss: 0.1663  time: 2137s
Epoch 7 - Score: 0.9369  Scores: [0.9701 0.9447 0.9891 0.9207 0.9422 0.979  0.9839 0.885  0.8176 0.8753
 0.9977]
========== fold: 2 result ==========
Score: 0.9372  Scores: [0.9783 0.9504 0.9896 0.9211 0.9367 0.9773 0.9824 0.8769 0.8158 0.8825
 0.9983]
========== fold: 3 training ==========
Epoch 1 - avg_train_loss: 0.2130  avg_val_loss: 0.1764  time: 2155s
Epoch 1 - Score: 0.9030  Scores: [0.9228 0.9343 0.9879 0.8976 0.8857 0.9674 0.9686 0.7793 0.7561 0.8439
 0.9893]
Epoch 1 - Save Best Score: 0.9030 Model
Epoch 1 - Save Best Loss: 0.1764 Model
Epoch 2 - avg_train_loss: 0.1642  avg_val_loss: 0.1595  time: 2142s
Epoch 2 - Score: 0.9264  Scores: [0.9418 0.9515 0.9885 0.9129 0.9119 0.9713 0.9785 0.8662 0.8012 0.8736
 0.9926]
Epoch 2 - Save Best Score: 0.9264 Model
Epoch 2 - Save Best Loss: 0.1595 Model
Epoch 3 - avg_train_loss: 0.1438  avg_val_loss: 0.1527  time: 2142s
Epoch 3 - Score: 0.9316  Scores: [0.9403 0.9541 0.9904 0.9029 0.9299 0.9727 0.9793 0.8933 0.8081 0.8832
 0.9936]
Epoch 3 - Save Best Score: 0.9316 Model
Epoch 3 - Save Best Loss: 0.1527 Model
Epoch 4 - avg_train_loss: 0.1239  avg_val_loss: 0.1443  time: 2141s
Epoch 4 - Score: 0.9426  Scores: [0.9697 0.9502 0.9894 0.924  0.9423 0.9766 0.9825 0.9078 0.8292 0.9003
 0.9967]
Epoch 4 - Save Best Score: 0.9426 Model
Epoch 4 - Save Best Loss: 0.1443 Model
Epoch 5 - avg_train_loss: 0.1022  avg_val_loss: 0.1450  time: 2166s
Epoch 5 - Score: 0.9449  Scores: [0.9622 0.9542 0.9903 0.937  0.9499 0.9762 0.9836 0.9084 0.8333 0.9029
 0.9962]
Epoch 5 - Save Best Score: 0.9449 Model
Epoch 6 - avg_train_loss: 0.0812  avg_val_loss: 0.1553  time: 2143s
Epoch 6 - Score: 0.9446  Scores: [0.9692 0.9483 0.9896 0.9364 0.9482 0.9758 0.9833 0.9108 0.831  0.9024
 0.9958]
Epoch 7 - avg_train_loss: 0.0724  avg_val_loss: 0.1557  time: 2156s
Epoch 7 - Score: 0.9437  Scores: [0.9652 0.948  0.9897 0.9374 0.9471 0.976  0.9834 0.9076 0.8296 0.9007
 0.996 ]
========== fold: 3 result ==========
Score: 0.9426  Scores: [0.9697 0.9502 0.9894 0.924  0.9423 0.9766 0.9825 0.9078 0.8292 0.9003
 0.9967]
========== fold: 4 training ==========
Epoch 1 - avg_train_loss: 0.2094  avg_val_loss: 0.1777  time: 2134s
Epoch 1 - Score: 0.8983  Scores: [0.8823 0.9197 0.9825 0.9087 0.8835 0.965  0.967  0.7916 0.7552 0.8332
 0.9923]
Epoch 1 - Save Best Score: 0.8983 Model
Epoch 1 - Save Best Loss: 0.1777 Model
Epoch 2 - avg_train_loss: 0.1570  avg_val_loss: 0.1707  time: 2135s
Epoch 2 - Score: 0.9159  Scores: [0.9138 0.9456 0.9885 0.9079 0.9163 0.9662 0.9721 0.8434 0.7593 0.8647
 0.9977]
Epoch 2 - Save Best Score: 0.9159 Model
Epoch 2 - Save Best Loss: 0.1707 Model
Epoch 3 - avg_train_loss: 0.1411  avg_val_loss: 0.1555  time: 2135s
Epoch 3 - Score: 0.9290  Scores: [0.949  0.9479 0.9886 0.9315 0.9201 0.9747 0.9756 0.8484 0.8017 0.8837
 0.9981]
Epoch 3 - Save Best Score: 0.9290 Model
Epoch 3 - Save Best Loss: 0.1555 Model
Epoch 4 - avg_train_loss: 0.1225  avg_val_loss: 0.1552  time: 2147s
Epoch 4 - Score: 0.9352  Scores: [0.9728 0.9508 0.9888 0.936  0.9355 0.9772 0.9781 0.8594 0.8037 0.8864
 0.9982]
Epoch 4 - Save Best Score: 0.9352 Model
Epoch 4 - Save Best Loss: 0.1552 Model
Epoch 5 - avg_train_loss: 0.1004  avg_val_loss: 0.1579  time: 2134s
Epoch 5 - Score: 0.9370  Scores: [0.9674 0.9517 0.9888 0.9455 0.9187 0.9768 0.9786 0.8698 0.8159 0.8952
 0.9984]
Epoch 5 - Save Best Score: 0.9370 Model
Epoch 6 - avg_train_loss: 0.0800  avg_val_loss: 0.1699  time: 2134s
Epoch 6 - Score: 0.9350  Scores: [0.9696 0.9465 0.9881 0.9464 0.9201 0.976  0.9781 0.8634 0.8094 0.8888
 0.9984]
Epoch 7 - avg_train_loss: 0.0716  avg_val_loss: 0.1687  time: 2136s
Epoch 7 - Score: 0.9347  Scores: [0.9698 0.9467 0.9879 0.9435 0.9188 0.9763 0.9788 0.8643 0.8083 0.8889
 0.9982]
========== fold: 4 result ==========
Score: 0.9352  Scores: [0.9728 0.9508 0.9888 0.936  0.9355 0.9772 0.9781 0.8594 0.8037 0.8864
 0.9982]
========== CV ==========
Score: 0.9366  Scores: [0.9584 0.9502 0.9896 0.9263 0.941  0.9777 0.9818 0.8813 0.8144 0.8833
 0.9982]
