========== fold: 0 training ==========
========== fold: 0 training ==========
========== fold: 0 training ==========
Epoch 1 - avg_train_loss: 0.2145  avg_val_loss: 0.1779  time: 2055s
Epoch 1 - Score: 0.8980  Scores: [0.8744 0.9157 0.9831 0.9023 0.8561 0.9613 0.9721 0.8315 0.7686 0.8148
 0.9977]
Epoch 1 - Save Best Score: 0.8980 Model
Epoch 1 - Save Best Loss: 0.1779 Model
Epoch 2 - avg_train_loss: 0.1552  avg_val_loss: 0.1583  time: 2069s
Epoch 2 - Score: 0.9299  Scores: [0.9652 0.9441 0.9866 0.9172 0.9224 0.9733 0.9813 0.871  0.8088 0.863
 0.9959]
Epoch 2 - Save Best Score: 0.9299 Model
Epoch 2 - Save Best Loss: 0.1583 Model
Epoch 3 - avg_train_loss: 0.1332  avg_val_loss: 0.1499  time: 2054s
Epoch 3 - Score: 0.9390  Scores: [0.9757 0.9487 0.9883 0.9288 0.9415 0.9767 0.9813 0.8962 0.8088 0.8853
 0.9982]
Epoch 3 - Save Best Score: 0.9390 Model
Epoch 3 - Save Best Loss: 0.1499 Model
Epoch 4 - avg_train_loss: 0.1124  avg_val_loss: 0.1484  time: 2055s
Epoch 4 - Score: 0.9423  Scores: [0.9817 0.9549 0.9885 0.9445 0.9405 0.978  0.9831 0.8983 0.8103 0.8854
 0.9998]
Epoch 4 - Save Best Score: 0.9423 Model
Epoch 4 - Save Best Loss: 0.1484 Model
Epoch 5 - avg_train_loss: 0.0896  avg_val_loss: 0.1617  time: 2057s
Epoch 5 - Score: 0.9402  Scores: [0.9889 0.955  0.9892 0.9421 0.9394 0.9795 0.9849 0.8848 0.8034 0.8769
 0.9984]
Epoch 6 - avg_train_loss: 0.0702  avg_val_loss: 0.1709  time: 2058s
Epoch 6 - Score: 0.9403  Scores: [0.9881 0.9509 0.9885 0.9459 0.9371 0.9797 0.9839 0.8844 0.806  0.8816
 0.997 ]
========== fold: 0 result ==========
Score: 0.9423  Scores: [0.9817 0.9549 0.9885 0.9445 0.9405 0.978  0.9831 0.8983 0.8103 0.8854
 0.9998]
========== fold: 1 training ==========
Epoch 1 - avg_train_loss: 0.2170  avg_val_loss: 0.1807  time: 2087s
Epoch 1 - Score: 0.8907  Scores: [0.8643 0.9123 0.9836 0.8624 0.8673 0.9716 0.979  0.8259 0.7448 0.7927
 0.9942]
Epoch 1 - Save Best Score: 0.8907 Model
Epoch 1 - Save Best Loss: 0.1807 Model
Epoch 2 - avg_train_loss: 0.1575  avg_val_loss: 0.1578  time: 2056s
Epoch 2 - Score: 0.9278  Scores: [0.9089 0.9457 0.9892 0.9295 0.9235 0.9762 0.9823 0.8836 0.7999 0.8687
 0.9984]
Epoch 2 - Save Best Score: 0.9278 Model
Epoch 2 - Save Best Loss: 0.1578 Model
Epoch 3 - avg_train_loss: 0.1347  avg_val_loss: 0.1446  time: 2056s
Epoch 3 - Score: 0.9380  Scores: [0.9324 0.9545 0.9916 0.9416 0.9361 0.9823 0.9832 0.8932 0.8282 0.875
 0.9996]
Epoch 3 - Save Best Score: 0.9380 Model
Epoch 3 - Save Best Loss: 0.1446 Model
Epoch 4 - avg_train_loss: 0.1146  avg_val_loss: 0.1441  time: 2055s
Epoch 4 - Score: 0.9394  Scores: [0.9167 0.955  0.991  0.9393 0.9505 0.9832 0.9848 0.9023 0.8308 0.8819
 0.9981]
Epoch 4 - Save Best Score: 0.9394 Model
Epoch 4 - Save Best Loss: 0.1441 Model
Epoch 5 - avg_train_loss: 0.0930  avg_val_loss: 0.1482  time: 2057s
Epoch 5 - Score: 0.9413  Scores: [0.943  0.9555 0.9916 0.94   0.9481 0.9826 0.9856 0.8996 0.8262 0.8832
 0.9988]
Epoch 5 - Save Best Score: 0.9413 Model
Epoch 6 - avg_train_loss: 0.0731  avg_val_loss: 0.1556  time: 2057s
Epoch 6 - Score: 0.9430  Scores: [0.9587 0.9508 0.9912 0.9437 0.9487 0.9823 0.9852 0.9013 0.8293 0.8823
 0.9991]
Epoch 6 - Save Best Score: 0.9430 Model
========== fold: 1 result ==========
Score: 0.9394  Scores: [0.9167 0.955  0.991  0.9393 0.9505 0.9832 0.9848 0.9023 0.8308 0.8819
 0.9981]
========== fold: 2 training ==========
Epoch 1 - avg_train_loss: 0.2129  avg_val_loss: 0.1731  time: 2053s
Epoch 1 - Score: 0.8998  Scores: [0.9288 0.9017 0.9835 0.8586 0.8699 0.9683 0.9779 0.8087 0.7669 0.8381
 0.9953]
Epoch 1 - Save Best Score: 0.8998 Model
Epoch 1 - Save Best Loss: 0.1731 Model
Epoch 2 - avg_train_loss: 0.1556  avg_val_loss: 0.1595  time: 2053s
Epoch 2 - Score: 0.9236  Scores: [0.9713 0.9371 0.9867 0.9044 0.9075 0.9683 0.979  0.85   0.7935 0.8645
 0.9977]
Epoch 2 - Save Best Score: 0.9236 Model
Epoch 2 - Save Best Loss: 0.1595 Model
Epoch 3 - avg_train_loss: 0.1304  avg_val_loss: 0.1507  time: 2042s
Epoch 3 - Score: 0.9354  Scores: [0.9731 0.9451 0.9881 0.92   0.9458 0.9762 0.9841 0.8768 0.8096 0.8744
 0.9959]
Epoch 3 - Save Best Score: 0.9354 Model
Epoch 3 - Save Best Loss: 0.1507 Model
Epoch 4 - avg_train_loss: 0.1118  avg_val_loss: 0.1557  time: 2047s
Epoch 4 - Score: 0.9400  Scores: [0.965  0.947  0.9873 0.9251 0.9566 0.9792 0.9872 0.8888 0.8214 0.8862
 0.9961]
Epoch 4 - Save Best Score: 0.9400 Model
Epoch 5 - avg_train_loss: 0.0908  avg_val_loss: 0.1549  time: 2053s
Epoch 5 - Score: 0.9394  Scores: [0.9746 0.9449 0.9883 0.9198 0.9537 0.9784 0.9847 0.8897 0.8189 0.8832
 0.9967]
Epoch 6 - avg_train_loss: 0.0717  avg_val_loss: 0.1691  time: 2086s
Epoch 6 - Score: 0.9385  Scores: [0.9685 0.9477 0.9873 0.9295 0.9459 0.9779 0.9846 0.8908 0.8186 0.877
 0.9955]
========== fold: 2 result ==========
Score: 0.9354  Scores: [0.9731 0.9451 0.9881 0.92   0.9458 0.9762 0.9841 0.8768 0.8096 0.8744
 0.9959]
========== fold: 3 training ==========
Epoch 1 - avg_train_loss: 0.2151  avg_val_loss: 0.1737  time: 2055s
Epoch 1 - Score: 0.9036  Scores: [0.925  0.928  0.9869 0.8949 0.8765 0.9668 0.9741 0.804  0.7703 0.8239
 0.9896]
Epoch 1 - Save Best Score: 0.9036 Model
Epoch 1 - Save Best Loss: 0.1737 Model
Epoch 2 - avg_train_loss: 0.1550  avg_val_loss: 0.1518  time: 2056s
Epoch 2 - Score: 0.9305  Scores: [0.9158 0.9546 0.9885 0.91   0.9312 0.9763 0.982  0.8834 0.8148 0.8853
 0.993 ]
Epoch 2 - Save Best Score: 0.9305 Model
Epoch 2 - Save Best Loss: 0.1518 Model
Epoch 3 - avg_train_loss: 0.1322  avg_val_loss: 0.1474  time: 2056s
Epoch 3 - Score: 0.9364  Scores: [0.9199 0.9593 0.9901 0.9463 0.955  0.9778 0.9829 0.8704 0.8247 0.8771
 0.9967]
Epoch 3 - Save Best Score: 0.9364 Model
Epoch 3 - Save Best Loss: 0.1474 Model
Epoch 4 - avg_train_loss: 0.1130  avg_val_loss: 0.1427  time: 2100s
Epoch 4 - Score: 0.9457  Scores: [0.9663 0.9558 0.9894 0.9465 0.9579 0.9787 0.985  0.8988 0.8303 0.8973
 0.9965]
Epoch 4 - Save Best Score: 0.9457 Model
Epoch 4 - Save Best Loss: 0.1427 Model
Epoch 5 - avg_train_loss: 0.0890  avg_val_loss: 0.1520  time: 2059s
Epoch 5 - Score: 0.9451  Scores: [0.9656 0.9586 0.9904 0.9472 0.9475 0.9746 0.9853 0.9008 0.8379 0.8935
 0.9946]
Epoch 6 - avg_train_loss: 0.0689  avg_val_loss: 0.1588  time: 2076s
Epoch 6 - Score: 0.9436  Scores: [0.9678 0.9541 0.9901 0.9448 0.9436 0.9747 0.9853 0.895  0.8338 0.8948
 0.9957]
========== fold: 3 result ==========
Score: 0.9457  Scores: [0.9663 0.9558 0.9894 0.9465 0.9579 0.9787 0.985  0.8988 0.8303 0.8973
 0.9965]
========== fold: 4 training ==========
Epoch 1 - avg_train_loss: 0.2132  avg_val_loss: 0.1835  time: 2052s
Epoch 1 - Score: 0.9017  Scores: [0.9293 0.9361 0.9867 0.9226 0.874  0.958  0.9714 0.817  0.7202 0.8144
 0.9889]
Epoch 1 - Save Best Score: 0.9017 Model
Epoch 1 - Save Best Loss: 0.1835 Model
Epoch 2 - avg_train_loss: 0.1553  avg_val_loss: 0.1603  time: 2067s
Epoch 2 - Score: 0.9238  Scores: [0.9617 0.9485 0.9887 0.9448 0.889  0.9755 0.9777 0.8297 0.7786 0.8713
 0.9964]
Epoch 2 - Save Best Score: 0.9238 Model
Epoch 2 - Save Best Loss: 0.1603 Model
Epoch 3 - avg_train_loss: 0.1327  avg_val_loss: 0.1510  time: 2053s
Epoch 3 - Score: 0.9368  Scores: [0.9637 0.9511 0.9889 0.9513 0.934  0.9802 0.9792 0.8611 0.8068 0.8896
 0.9984]
Epoch 3 - Save Best Score: 0.9368 Model
Epoch 3 - Save Best Loss: 0.1510 Model
Epoch 4 - avg_train_loss: 0.1120  avg_val_loss: 0.1473  time: 2055s
Epoch 4 - Score: 0.9436  Scores: [0.9734 0.9534 0.9898 0.9643 0.9504 0.9803 0.9802 0.8784 0.8141 0.8961
 0.9991]
Epoch 4 - Save Best Score: 0.9436 Model
Epoch 4 - Save Best Loss: 0.1473 Model
Epoch 5 - avg_train_loss: 0.0906  avg_val_loss: 0.1527  time: 2067s
Epoch 5 - Score: 0.9437  Scores: [0.9687 0.9525 0.9899 0.963  0.9509 0.9827 0.9809 0.8727 0.8229 0.8985
 0.9985]
Epoch 5 - Save Best Score: 0.9437 Model
Epoch 6 - avg_train_loss: 0.0708  avg_val_loss: 0.1635  time: 2067s
Epoch 6 - Score: 0.9430  Scores: [0.9638 0.9521 0.9897 0.9679 0.947  0.9809 0.9809 0.8758 0.8197 0.8964
 0.9991]
========== fold: 4 result ==========
Score: 0.9436  Scores: [0.9734 0.9534 0.9898 0.9643 0.9504 0.9803 0.9802 0.8784 0.8141 0.8961
 0.9991]
========== CV ==========
Score: 0.9397  Scores: [0.9571 0.9508 0.9888 0.9411 0.9482 0.978  0.9834 0.8895 0.8162 0.8861
 0.9979]
