========== fold: 0 training ==========
========== fold: 0 training ==========
========== fold: 0 training ==========
Epoch 1 - avg_train_loss: 0.2102  avg_val_loss: 0.1708  time: 2551s
Epoch 1 - Score: 0.9096  Scores: [0.9051 0.9252 0.9847 0.9106 0.8778 0.9686 0.969  0.8436 0.7874 0.8373
 0.9965]
Epoch 1 - Save Best Score: 0.9096 Model
Epoch 1 - Save Best Loss: 0.1708 Model
Epoch 2 - avg_train_loss: 0.1628  avg_val_loss: 0.1594  time: 2554s
Epoch 2 - Score: 0.9262  Scores: [0.9642 0.9432 0.9839 0.8943 0.9067 0.9648 0.9752 0.8872 0.8034 0.8672
 0.9983]
Epoch 2 - Save Best Score: 0.9262 Model
Epoch 2 - Save Best Loss: 0.1594 Model
Epoch 3 - avg_train_loss: 0.1427  avg_val_loss: 0.1528  time: 2553s
Epoch 3 - Score: 0.9339  Scores: [0.9725 0.9555 0.9871 0.879  0.9016 0.9741 0.9791 0.9062 0.8283 0.891
 0.9982]
Epoch 3 - Save Best Score: 0.9339 Model
Epoch 3 - Save Best Loss: 0.1528 Model
Epoch 4 - avg_train_loss: 0.1232  avg_val_loss: 0.1558  time: 2548s
Epoch 4 - Score: 0.9418  Scores: [0.9805 0.9562 0.9893 0.9217 0.9306 0.9792 0.9815 0.9075 0.823  0.8919
 0.9986]
Epoch 4 - Save Best Score: 0.9418 Model
Epoch 5 - avg_train_loss: 0.0979  avg_val_loss: 0.1709  time: 2553s
Epoch 5 - Score: 0.9387  Scores: [0.9844 0.9494 0.983  0.9256 0.9211 0.9768 0.9818 0.9035 0.8148 0.8874
 0.9982]
Epoch 6 - avg_train_loss: 0.0839  avg_val_loss: 0.1862  time: 2550s
Epoch 6 - Score: 0.9347  Scores: [0.9813 0.9533 0.9794 0.9131 0.9139 0.9762 0.9794 0.8998 0.8044 0.8848
 0.9965]
========== fold: 0 result ==========
Score: 0.9339  Scores: [0.9725 0.9555 0.9871 0.879  0.9016 0.9741 0.9791 0.9062 0.8283 0.891
 0.9982]
========== fold: 1 training ==========
Epoch 1 - avg_train_loss: 0.2085  avg_val_loss: 0.1670  time: 2555s
Epoch 1 - Score: 0.9048  Scores: [0.8614 0.9191 0.9854 0.8845 0.8837 0.9658 0.9731 0.8374 0.7873 0.8561
 0.9985]
Epoch 1 - Save Best Score: 0.9048 Model
Epoch 1 - Save Best Loss: 0.1670 Model
Epoch 2 - avg_train_loss: 0.1577  avg_val_loss: 0.1554  time: 2556s
Epoch 2 - Score: 0.9259  Scores: [0.9311 0.9446 0.9892 0.8878 0.878  0.9763 0.9817 0.8897 0.8273 0.8809
 0.9986]
Epoch 2 - Save Best Score: 0.9259 Model
Epoch 2 - Save Best Loss: 0.1554 Model
Epoch 3 - avg_train_loss: 0.1416  avg_val_loss: 0.1492  time: 2560s
Epoch 3 - Score: 0.9317  Scores: [0.9144 0.9557 0.9912 0.9111 0.8928 0.9734 0.9811 0.913  0.8267 0.8901
 0.9995]
Epoch 3 - Save Best Score: 0.9317 Model
Epoch 3 - Save Best Loss: 0.1492 Model
Epoch 4 - avg_train_loss: 0.1152  avg_val_loss: 0.1511  time: 2564s
Epoch 4 - Score: 0.9404  Scores: [0.9416 0.9582 0.9909 0.9455 0.9086 0.9758 0.9868 0.9124 0.8317 0.8941
 0.9984]
Epoch 4 - Save Best Score: 0.9404 Model
Epoch 5 - avg_train_loss: 0.0997  avg_val_loss: 0.1545  time: 2551s
Epoch 5 - Score: 0.9389  Scores: [0.9365 0.9564 0.9906 0.9406 0.9068 0.9798 0.9855 0.9106 0.8324 0.8895
 0.9993]
Epoch 6 - avg_train_loss: 0.0793  avg_val_loss: 0.1714  time: 2559s
Epoch 6 - Score: 0.9357  Scores: [0.9272 0.9561 0.9851 0.9326 0.9083 0.9775 0.9842 0.9114 0.8243 0.887
 0.9995]
========== fold: 1 result ==========
Score: 0.9317  Scores: [0.9144 0.9557 0.9912 0.9111 0.8928 0.9734 0.9811 0.913  0.8267 0.8901
 0.9995]
========== fold: 2 training ==========
Epoch 1 - avg_train_loss: 0.2106  avg_val_loss: 0.1965  time: 2552s
Epoch 1 - Score: 0.8844  Scores: [0.9603 0.8304 0.9845 0.819  0.8478 0.9292 0.9616 0.7959 0.7654 0.8367
 0.9974]
Epoch 1 - Save Best Score: 0.8844 Model
Epoch 1 - Save Best Loss: 0.1965 Model
Epoch 2 - avg_train_loss: 0.1628  avg_val_loss: 0.1507  time: 2552s
Epoch 2 - Score: 0.9290  Scores: [0.9892 0.94   0.9893 0.8693 0.8909 0.9773 0.9806 0.8853 0.8135 0.8862
 0.9974]
Epoch 2 - Save Best Score: 0.9290 Model
Epoch 2 - Save Best Loss: 0.1507 Model
Epoch 3 - avg_train_loss: 0.1405  avg_val_loss: 0.1520  time: 2547s
Epoch 3 - Score: 0.9331  Scores: [0.9815 0.9403 0.9851 0.8883 0.9159 0.98   0.9832 0.8869 0.8152 0.8889
 0.999 ]
Epoch 3 - Save Best Score: 0.9331 Model
Epoch 4 - avg_train_loss: 0.1221  avg_val_loss: 0.1588  time: 2551s
Epoch 4 - Score: 0.9367  Scores: [0.9795 0.9495 0.9828 0.918  0.9265 0.9791 0.9827 0.8832 0.8184 0.8853
 0.9991]
Epoch 4 - Save Best Score: 0.9367 Model
Epoch 5 - avg_train_loss: 0.1025  avg_val_loss: 0.1688  time: 2551s
Epoch 5 - Score: 0.9381  Scores: [0.9706 0.9431 0.9866 0.9166 0.9369 0.9793 0.9855 0.8981 0.8171 0.8858
 0.9991]
Epoch 5 - Save Best Score: 0.9381 Model
Epoch 6 - avg_train_loss: 0.0838  avg_val_loss: 0.1780  time: 2557s
Epoch 6 - Score: 0.9363  Scores: [0.9645 0.9448 0.9778 0.9155 0.938  0.9788 0.9843 0.8955 0.8184 0.8837
 0.9983]
========== fold: 2 result ==========
Score: 0.9290  Scores: [0.9892 0.94   0.9893 0.8693 0.8909 0.9773 0.9806 0.8853 0.8135 0.8862
 0.9974]
========== fold: 3 training ==========
Epoch 1 - avg_train_loss: 0.2104  avg_val_loss: 0.1663  time: 2564s
Epoch 1 - Score: 0.9160  Scores: [0.9417 0.9377 0.987  0.8911 0.8924 0.9715 0.9776 0.8448 0.7884 0.8558
 0.9887]
Epoch 1 - Save Best Score: 0.9160 Model
Epoch 1 - Save Best Loss: 0.1663 Model
Epoch 2 - avg_train_loss: 0.1637  avg_val_loss: 0.1516  time: 2570s
Epoch 2 - Score: 0.9220  Scores: [0.9204 0.9406 0.9896 0.8371 0.9025 0.9753 0.9804 0.8912 0.8178 0.8947
 0.9928]
Epoch 2 - Save Best Score: 0.9220 Model
Epoch 2 - Save Best Loss: 0.1516 Model
Epoch 3 - avg_train_loss: 0.1417  avg_val_loss: 0.1409  time: 2552s
Epoch 3 - Score: 0.9448  Scores: [0.9697 0.9534 0.9901 0.9232 0.9393 0.9809 0.9846 0.9085 0.8378 0.9123
 0.9927]
Epoch 3 - Save Best Score: 0.9448 Model
Epoch 3 - Save Best Loss: 0.1409 Model
Epoch 4 - avg_train_loss: 0.1220  avg_val_loss: 0.1433  time: 2556s
Epoch 4 - Score: 0.9445  Scores: [0.9696 0.959  0.9907 0.91   0.9446 0.978  0.9843 0.9052 0.8411 0.9117
 0.995 ]
Epoch 5 - avg_train_loss: 0.1004  avg_val_loss: 0.1500  time: 2551s
Epoch 5 - Score: 0.9444  Scores: [0.9543 0.9566 0.9901 0.928  0.9506 0.9763 0.9828 0.9078 0.8421 0.9046
 0.9952]
Epoch 6 - avg_train_loss: 0.0841  avg_val_loss: 0.1648  time: 2561s
Epoch 6 - Score: 0.9448  Scores: [0.9769 0.9592 0.9899 0.926  0.9429 0.9741 0.9834 0.9043 0.8386 0.9036
 0.9941]
Epoch 6 - Save Best Score: 0.9448 Model
========== fold: 3 result ==========
Score: 0.9448  Scores: [0.9697 0.9534 0.9901 0.9232 0.9393 0.9809 0.9846 0.9085 0.8378 0.9123
 0.9927]
========== fold: 4 training ==========
Epoch 1 - avg_train_loss: 0.2068  avg_val_loss: 0.1778  time: 2545s
Epoch 1 - Score: 0.9075  Scores: [0.9195 0.9307 0.9844 0.8791 0.889  0.955  0.9572 0.8254 0.7781 0.8677
 0.996 ]
Epoch 1 - Save Best Score: 0.9075 Model
Epoch 1 - Save Best Loss: 0.1778 Model
Epoch 2 - avg_train_loss: 0.1617  avg_val_loss: 0.1852  time: 2541s
Epoch 2 - Score: 0.9143  Scores: [0.9087 0.9393 0.9878 0.8775 0.8826 0.9708 0.9605 0.8422 0.8009 0.8905
 0.9959]
Epoch 2 - Save Best Score: 0.9143 Model
Epoch 3 - avg_train_loss: 0.1377  avg_val_loss: 0.1708  time: 2539s
Epoch 3 - Score: 0.9221  Scores: [0.9156 0.9288 0.9879 0.8847 0.8966 0.9679 0.9699 0.882  0.8106 0.9008
 0.9985]
Epoch 3 - Save Best Score: 0.9221 Model
Epoch 3 - Save Best Loss: 0.1708 Model
Epoch 4 - avg_train_loss: 0.1199  avg_val_loss: 0.1735  time: 2544s
Epoch 4 - Score: 0.9299  Scores: [0.9737 0.9555 0.99   0.9266 0.9106 0.9727 0.9739 0.8692 0.7814 0.8755
 0.9993]
Epoch 4 - Save Best Score: 0.9299 Model
Epoch 5 - avg_train_loss: 0.1017  avg_val_loss: 0.1657  time: 2543s
Epoch 5 - Score: 0.9339  Scores: [0.9443 0.9511 0.9893 0.9216 0.9038 0.9733 0.9706 0.8926 0.821  0.9065
 0.9986]
Epoch 5 - Save Best Score: 0.9339 Model
Epoch 5 - Save Best Loss: 0.1657 Model
Epoch 6 - avg_train_loss: 0.0799  avg_val_loss: 0.1757  time: 2536s
Epoch 6 - Score: 0.9328  Scores: [0.9397 0.9498 0.9859 0.927  0.9043 0.9721 0.9708 0.8886 0.8194 0.9047
 0.9991]
========== fold: 4 result ==========
Score: 0.9339  Scores: [0.9443 0.9511 0.9893 0.9216 0.9038 0.9733 0.9706 0.8926 0.821  0.9065
 0.9986]
========== CV ==========
Score: 0.9322  Scores: [0.9521 0.9479 0.9887 0.8995 0.9056 0.9744 0.9786 0.8983 0.8199 0.8923
 0.9972]
